2026-05-22T04:39:12.604531+00:00 === auto-sweep start ===
2026-05-22T04:39:15.105494+00:00 sweep reserved byte[9]=0x00 | 03 66 14 80 80 80 80 00 00 00 00 00 00 00 00 00 00 00 00 00 99
2026-05-22T04:39:17.607385+00:00 sweep reserved byte[9]=0x01 | 03 66 14 80 80 80 80 00 00 01 00 00 00 00 00 00 00 00 00 00 99
2026-05-22T04:39:20.108623+00:00 sweep reserved byte[9]=0x02 | 03 66 14 80 80 80 80 00 00 02 00 00 00 00 00 00 00 00 00 00 99
2026-05-22T04:39:22.609422+00:00 sweep reserved byte[9]=0x04 | 03 66 14 80 80 80 80 00 00 04 00 00 00 00 00 00 00 00 00 00 99
2026-05-22T04:39:25.110447+00:00 sweep reserved byte[9]=0x08 | 03 66 14 80 80 80 80 00 00 08 00 00 00 00 00 00 00 00 00 00 99
2026-05-22T04:39:27.611611+00:00 sweep reserved byte[9]=0x10 | 03 66 14 80 80 80 80 00 00 10 00 00 00 00 00 00 00 00 00 00 99
2026-05-22T04:39:30.112748+00:00 sweep reserved byte[9]=0x20 | 03 66 14 80 80 80 80 00 00 20 00 00 00 00 00 00 00 00 00 00 99
2026-05-22T04:39:32.614332+00:00 sweep reserved byte[9]=0x40 | 03 66 14 80 80 80 80 00 00 40 00 00 00 00 00 00 00 00 00 00 99
2026-05-22T04:39:35.115744+00:00 sweep reserved byte[9]=0x80 | 03 66 14 80 80 80 80 00 00 80 00 00 00 00 00 00 00 00 00 00 99
2026-05-22T04:39:37.616761+00:00 sweep reserved byte[9]=0xff | 03 66 14 80 80 80 80 00 00 ff 00 00 00 00 00 00 00 00 00 00 99
2026-05-22T04:39:40.118283+00:00 sweep reserved byte[10]=0x00 | 03 66 14 80 80 80 80 00 00 00 00 00 00 00 00 00 00 00 00 00 99
2026-05-22T04:39:42.619075+00:00 sweep reserved byte[10]=0x01 | 03 66 14 80 80 80 80 00 00 00 01 00 00 00 00 00 00 00 00 00 99
2026-05-22T04:39:45.120297+00:00 sweep reserved byte[10]=0x02 | 03 66 14 80 80 80 80 00 00 00 02 00 00 00 00 00 00 00 00 00 99
2026-05-22T04:39:47.621246+00:00 sweep reserved byte[10]=0x04 | 03 66 14 80 80 80 80 00 00 00 04 00 00 00 00 00 00 00 00 00 99
2026-05-22T04:39:50.122832+00:00 sweep reserved byte[10]=0x08 | 03 66 14 80 80 80 80 00 00 00 08 00 00 00 00 00 00 00 00 00 99
2026-05-22T04:39:52.624854+00:00 sweep reserved byte[10]=0x10 | 03 66 14 80 80 80 80 00 00 00 10 00 00 00 00 00 00 00 00 00 99
2026-05-22T04:39:55.125860+00:00 sweep reserved byte[10]=0x20 | 03 66 14 80 80 80 80 00 00 00 20 00 00 00 00 00 00 00 00 00 99
2026-05-22T04:39:57.626982+00:00 sweep reserved byte[10]=0x40 | 03 66 14 80 80 80 80 00 00 00 40 00 00 00 00 00 00 00 00 00 99
2026-05-22T04:40:00.128273+00:00 sweep reserved byte[10]=0x80 | 03 66 14 80 80 80 80 00 00 00 80 00 00 00 00 00 00 00 00 00 99
2026-05-22T04:40:02.629909+00:00 sweep reserved byte[10]=0xff | 03 66 14 80 80 80 80 00 00 00 ff 00 00 00 00 00 00 00 00 00 99
2026-05-22T04:40:05.131172+00:00 sweep reserved byte[11]=0x00 | 03 66 14 80 80 80 80 00 00 00 00 00 00 00 00 00 00 00 00 00 99
2026-05-22T04:40:07.631672+00:00 sweep reserved byte[11]=0x01 | 03 66 14 80 80 80 80 00 00 00 00 01 00 00 00 00 00 00 00 00 99
2026-05-22T04:40:10.132378+00:00 sweep reserved byte[11]=0x02 | 03 66 14 80 80 80 80 00 00 00 00 02 00 00 00 00 00 00 00 00 99
2026-05-22T04:40:12.633993+00:00 sweep reserved byte[11]=0x04 | 03 66 14 80 80 80 80 00 00 00 00 04 00 00 00 00 00 00 00 00 99
2026-05-22T04:40:15.135394+00:00 sweep reserved byte[11]=0x08 | 03 66 14 80 80 80 80 00 00 00 00 08 00 00 00 00 00 00 00 00 99
2026-05-22T04:40:17.636938+00:00 sweep reserved byte[11]=0x10 | 03 66 14 80 80 80 80 00 00 00 00 10 00 00 00 00 00 00 00 00 99
2026-05-22T04:40:20.138561+00:00 sweep reserved byte[11]=0x20 | 03 66 14 80 80 80 80 00 00 00 00 20 00 00 00 00 00 00 00 00 99
2026-05-22T04:40:22.641065+00:00 sweep reserved byte[11]=0x40 | 03 66 14 80 80 80 80 00 00 00 00 40 00 00 00 00 00 00 00 00 99
