2026-05-22T23:22:33.230257+00:00 === HY auto-sweep start ===
2026-05-22T23:22:35.732068+00:00 HY reserved byte[8]=0x00 | 66 14 80 80 80 80 00 0a 00 00 00 00 00 00 00 00 00 00 0a 99
2026-05-22T23:22:38.232801+00:00 HY reserved byte[8]=0x01 | 66 14 80 80 80 80 00 0a 01 00 00 00 00 00 00 00 00 00 0b 99
2026-05-22T23:22:40.733880+00:00 HY reserved byte[8]=0x02 | 66 14 80 80 80 80 00 0a 02 00 00 00 00 00 00 00 00 00 08 99
2026-05-22T23:22:43.234687+00:00 HY reserved byte[8]=0x04 | 66 14 80 80 80 80 00 0a 04 00 00 00 00 00 00 00 00 00 0e 99
2026-05-22T23:22:45.735378+00:00 HY reserved byte[8]=0x08 | 66 14 80 80 80 80 00 0a 08 00 00 00 00 00 00 00 00 00 02 99
2026-05-22T23:22:48.236418+00:00 HY reserved byte[8]=0x10 | 66 14 80 80 80 80 00 0a 10 00 00 00 00 00 00 00 00 00 1a 99
2026-05-22T23:22:50.738647+00:00 HY reserved byte[8]=0x20 | 66 14 80 80 80 80 00 0a 20 00 00 00 00 00 00 00 00 00 2a 99
2026-05-22T23:22:53.240452+00:00 HY reserved byte[8]=0x40 | 66 14 80 80 80 80 00 0a 40 00 00 00 00 00 00 00 00 00 4a 99
2026-05-22T23:22:55.741201+00:00 HY reserved byte[8]=0x80 | 66 14 80 80 80 80 00 0a 80 00 00 00 00 00 00 00 00 00 8a 99
2026-05-22T23:22:58.242106+00:00 HY reserved byte[8]=0xff | 66 14 80 80 80 80 00 0a ff 00 00 00 00 00 00 00 00 00 f5 99
2026-05-22T23:23:00.743277+00:00 HY reserved byte[9]=0x00 | 66 14 80 80 80 80 00 0a 00 00 00 00 00 00 00 00 00 00 0a 99
2026-05-22T23:23:03.244291+00:00 HY reserved byte[9]=0x01 | 66 14 80 80 80 80 00 0a 00 01 00 00 00 00 00 00 00 00 0b 99
2026-05-22T23:23:05.745602+00:00 HY reserved byte[9]=0x02 | 66 14 80 80 80 80 00 0a 00 02 00 00 00 00 00 00 00 00 08 99
2026-05-22T23:23:08.246384+00:00 HY reserved byte[9]=0x04 | 66 14 80 80 80 80 00 0a 00 04 00 00 00 00 00 00 00 00 0e 99
2026-05-22T23:23:10.747225+00:00 HY reserved byte[9]=0x08 | 66 14 80 80 80 80 00 0a 00 08 00 00 00 00 00 00 00 00 02 99
2026-05-22T23:23:13.248734+00:00 HY reserved byte[9]=0x10 | 66 14 80 80 80 80 00 0a 00 10 00 00 00 00 00 00 00 00 1a 99
2026-05-22T23:23:15.749733+00:00 HY reserved byte[9]=0x20 | 66 14 80 80 80 80 00 0a 00 20 00 00 00 00 00 00 00 00 2a 99
2026-05-22T23:23:18.250967+00:00 HY reserved byte[9]=0x40 | 66 14 80 80 80 80 00 0a 00 40 00 00 00 00 00 00 00 00 4a 99
2026-05-22T23:23:20.751982+00:00 HY reserved byte[9]=0x80 | 66 14 80 80 80 80 00 0a 00 80 00 00 00 00 00 00 00 00 8a 99
2026-05-22T23:23:23.253045+00:00 HY reserved byte[9]=0xff | 66 14 80 80 80 80 00 0a 00 ff 00 00 00 00 00 00 00 00 f5 99
2026-05-22T23:23:25.754041+00:00 HY reserved byte[10]=0x00 | 66 14 80 80 80 80 00 0a 00 00 00 00 00 00 00 00 00 00 0a 99
2026-05-22T23:23:28.255157+00:00 HY reserved byte[10]=0x01 | 66 14 80 80 80 80 00 0a 00 00 01 00 00 00 00 00 00 00 0b 99
2026-05-22T23:23:30.756138+00:00 HY reserved byte[10]=0x02 | 66 14 80 80 80 80 00 0a 00 00 02 00 00 00 00 00 00 00 08 99
2026-05-22T23:23:33.257628+00:00 HY reserved byte[10]=0x04 | 66 14 80 80 80 80 00 0a 00 00 04 00 00 00 00 00 00 00 0e 99
2026-05-22T23:23:35.758809+00:00 HY reserved byte[10]=0x08 | 66 14 80 80 80 80 00 0a 00 00 08 00 00 00 00 00 00 00 02 99
2026-05-22T23:23:38.259853+00:00 HY reserved byte[10]=0x10 | 66 14 80 80 80 80 00 0a 00 00 10 00 00 00 00 00 00 00 1a 99
2026-05-22T23:23:40.760838+00:00 HY reserved byte[10]=0x20 | 66 14 80 80 80 80 00 0a 00 00 20 00 00 00 00 00 00 00 2a 99
2026-05-22T23:23:43.261989+00:00 HY reserved byte[10]=0x40 | 66 14 80 80 80 80 00 0a 00 00 40 00 00 00 00 00 00 00 4a 99
2026-05-22T23:23:45.763066+00:00 HY reserved byte[10]=0x80 | 66 14 80 80 80 80 00 0a 00 00 80 00 00 00 00 00 00 00 8a 99
2026-05-22T23:23:48.263822+00:00 HY reserved byte[10]=0xff | 66 14 80 80 80 80 00 0a 00 00 ff 00 00 00 00 00 00 00 f5 99
2026-05-22T23:23:50.765366+00:00 HY reserved byte[11]=0x00 | 66 14 80 80 80 80 00 0a 00 00 00 00 00 00 00 00 00 00 0a 99
2026-05-22T23:23:53.266643+00:00 HY reserved byte[11]=0x01 | 66 14 80 80 80 80 00 0a 00 00 00 01 00 00 00 00 00 00 0b 99
2026-05-22T23:23:55.767733+00:00 HY reserved byte[11]=0x02 | 66 14 80 80 80 80 00 0a 00 00 00 02 00 00 00 00 00 00 08 99
2026-05-22T23:23:58.268513+00:00 HY reserved byte[11]=0x04 | 66 14 80 80 80 80 00 0a 00 00 00 04 00 00 00 00 00 00 0e 99
2026-05-22T23:24:00.769672+00:00 HY reserved byte[11]=0x08 | 66 14 80 80 80 80 00 0a 00 00 00 08 00 00 00 00 00 00 02 99
2026-05-22T23:24:03.270574+00:00 HY reserved byte[11]=0x10 | 66 14 80 80 80 80 00 0a 00 00 00 10 00 00 00 00 00 00 1a 99
2026-05-22T23:24:05.771402+00:00 HY reserved byte[11]=0x20 | 66 14 80 80 80 80 00 0a 00 00 00 20 00 00 00 00 00 00 2a 99
2026-05-22T23:24:08.272514+00:00 HY reserved byte[11]=0x40 | 66 14 80 80 80 80 00 0a 00 00 00 40 00 00 00 00 00 00 4a 99
2026-05-22T23:24:10.773427+00:00 HY reserved byte[11]=0x80 | 66 14 80 80 80 80 00 0a 00 00 00 80 00 00 00 00 00 00 8a 99
2026-05-22T23:24:13.274102+00:00 HY reserved byte[11]=0xff | 66 14 80 80 80 80 00 0a 00 00 00 ff 00 00 00 00 00 00 f5 99
2026-05-22T23:24:15.775602+00:00 HY reserved byte[12]=0x00 | 66 14 80 80 80 80 00 0a 00 00 00 00 00 00 00 00 00 00 0a 99
2026-05-22T23:24:18.276801+00:00 HY reserved byte[12]=0x01 | 66 14 80 80 80 80 00 0a 00 00 00 00 01 00 00 00 00 00 0b 99
2026-05-22T23:24:20.777676+00:00 HY reserved byte[12]=0x02 | 66 14 80 80 80 80 00 0a 00 00 00 00 02 00 00 00 00 00 08 99
2026-05-22T23:24:23.278285+00:00 HY reserved byte[12]=0x04 | 66 14 80 80 80 80 00 0a 00 00 00 00 04 00 00 00 00 00 0e 99
2026-05-22T23:24:25.779313+00:00 HY reserved byte[12]=0x08 | 66 14 80 80 80 80 00 0a 00 00 00 00 08 00 00 00 00 00 02 99
2026-05-22T23:24:28.280503+00:00 HY reserved byte[12]=0x10 | 66 14 80 80 80 80 00 0a 00 00 00 00 10 00 00 00 00 00 1a 99
2026-05-22T23:24:30.781944+00:00 HY reserved byte[12]=0x20 | 66 14 80 80 80 80 00 0a 00 00 00 00 20 00 00 00 00 00 2a 99
2026-05-22T23:24:33.282735+00:00 HY reserved byte[12]=0x40 | 66 14 80 80 80 80 00 0a 00 00 00 00 40 00 00 00 00 00 4a 99
2026-05-22T23:24:35.783551+00:00 HY reserved byte[12]=0x80 | 66 14 80 80 80 80 00 0a 00 00 00 00 80 00 00 00 00 00 8a 99
2026-05-22T23:24:38.285268+00:00 HY reserved byte[12]=0xff | 66 14 80 80 80 80 00 0a 00 00 00 00 ff 00 00 00 00 00 f5 99
2026-05-22T23:24:40.786666+00:00 HY reserved byte[13]=0x00 | 66 14 80 80 80 80 00 0a 00 00 00 00 00 00 00 00 00 00 0a 99
2026-05-22T23:24:43.287335+00:00 HY reserved byte[13]=0x01 | 66 14 80 80 80 80 00 0a 00 00 00 00 00 01 00 00 00 00 0b 99
2026-05-22T23:24:45.788532+00:00 HY reserved byte[13]=0x02 | 66 14 80 80 80 80 00 0a 00 00 00 00 00 02 00 00 00 00 08 99
2026-05-22T23:24:48.290286+00:00 HY reserved byte[13]=0x04 | 66 14 80 80 80 80 00 0a 00 00 00 00 00 04 00 00 00 00 0e 99
2026-05-22T23:24:50.791018+00:00 HY reserved byte[13]=0x08 | 66 14 80 80 80 80 00 0a 00 00 00 00 00 08 00 00 00 00 02 99
2026-05-22T23:24:53.292281+00:00 HY reserved byte[13]=0x10 | 66 14 80 80 80 80 00 0a 00 00 00 00 00 10 00 00 00 00 1a 99
2026-05-22T23:24:55.793046+00:00 HY reserved byte[13]=0x20 | 66 14 80 80 80 80 00 0a 00 00 00 00 00 20 00 00 00 00 2a 99
2026-05-22T23:24:58.294128+00:00 HY reserved byte[13]=0x40 | 66 14 80 80 80 80 00 0a 00 00 00 00 00 40 00 00 00 00 4a 99
2026-05-22T23:25:00.794928+00:00 HY reserved byte[13]=0x80 | 66 14 80 80 80 80 00 0a 00 00 00 00 00 80 00 00 00 00 8a 99
2026-05-22T23:25:03.295984+00:00 HY reserved byte[13]=0xff | 66 14 80 80 80 80 00 0a 00 00 00 00 00 ff 00 00 00 00 f5 99
2026-05-22T23:25:05.797014+00:00 HY reserved byte[14]=0x00 | 66 14 80 80 80 80 00 0a 00 00 00 00 00 00 00 00 00 00 0a 99
2026-05-22T23:25:08.297902+00:00 HY reserved byte[14]=0x01 | 66 14 80 80 80 80 00 0a 00 00 00 00 00 00 01 00 00 00 0b 99
2026-05-22T23:25:10.799530+00:00 HY reserved byte[14]=0x02 | 66 14 80 80 80 80 00 0a 00 00 00 00 00 00 02 00 00 00 08 99
2026-05-22T23:25:13.300414+00:00 HY reserved byte[14]=0x04 | 66 14 80 80 80 80 00 0a 00 00 00 00 00 00 04 00 00 00 0e 99
2026-05-22T23:25:15.801501+00:00 HY reserved byte[14]=0x08 | 66 14 80 80 80 80 00 0a 00 00 00 00 00 00 08 00 00 00 02 99
2026-05-22T23:25:18.302745+00:00 HY reserved byte[14]=0x10 | 66 14 80 80 80 80 00 0a 00 00 00 00 00 00 10 00 00 00 1a 99
2026-05-22T23:25:20.803575+00:00 HY reserved byte[14]=0x20 | 66 14 80 80 80 80 00 0a 00 00 00 00 00 00 20 00 00 00 2a 99
2026-05-22T23:25:23.304654+00:00 HY reserved byte[14]=0x40 | 66 14 80 80 80 80 00 0a 00 00 00 00 00 00 40 00 00 00 4a 99
2026-05-22T23:25:25.805434+00:00 HY reserved byte[14]=0x80 | 66 14 80 80 80 80 00 0a 00 00 00 00 00 00 80 00 00 00 8a 99
2026-05-22T23:25:28.306639+00:00 HY reserved byte[14]=0xff | 66 14 80 80 80 80 00 0a 00 00 00 00 00 00 ff 00 00 00 f5 99
2026-05-22T23:25:30.807778+00:00 HY reserved byte[15]=0x00 | 66 14 80 80 80 80 00 0a 00 00 00 00 00 00 00 00 00 00 0a 99
2026-05-22T23:25:33.308807+00:00 HY reserved byte[15]=0x01 | 66 14 80 80 80 80 00 0a 00 00 00 00 00 00 00 01 00 00 0b 99
2026-05-22T23:25:35.810012+00:00 HY reserved byte[15]=0x02 | 66 14 80 80 80 80 00 0a 00 00 00 00 00 00 00 02 00 00 08 99
2026-05-22T23:25:38.311235+00:00 HY reserved byte[15]=0x04 | 66 14 80 80 80 80 00 0a 00 00 00 00 00 00 00 04 00 00 0e 99
2026-05-22T23:25:40.811923+00:00 HY reserved byte[15]=0x08 | 66 14 80 80 80 80 00 0a 00 00 00 00 00 00 00 08 00 00 02 99
2026-05-22T23:25:43.312798+00:00 HY reserved byte[15]=0x10 | 66 14 80 80 80 80 00 0a 00 00 00 00 00 00 00 10 00 00 1a 99
2026-05-22T23:25:45.813861+00:00 HY reserved byte[15]=0x20 | 66 14 80 80 80 80 00 0a 00 00 00 00 00 00 00 20 00 00 2a 99
2026-05-22T23:25:48.315625+00:00 HY reserved byte[15]=0x40 | 66 14 80 80 80 80 00 0a 00 00 00 00 00 00 00 40 00 00 4a 99
2026-05-22T23:25:50.816938+00:00 HY reserved byte[15]=0x80 | 66 14 80 80 80 80 00 0a 00 00 00 00 00 00 00 80 00 00 8a 99
2026-05-22T23:25:53.317943+00:00 HY reserved byte[15]=0xff | 66 14 80 80 80 80 00 0a 00 00 00 00 00 00 00 ff 00 00 f5 99
2026-05-22T23:25:55.819161+00:00 HY reserved byte[16]=0x00 | 66 14 80 80 80 80 00 0a 00 00 00 00 00 00 00 00 00 00 0a 99
2026-05-22T23:25:58.319937+00:00 HY reserved byte[16]=0x01 | 66 14 80 80 80 80 00 0a 00 00 00 00 00 00 00 00 01 00 0b 99
2026-05-22T23:26:00.820780+00:00 HY reserved byte[16]=0x02 | 66 14 80 80 80 80 00 0a 00 00 00 00 00 00 00 00 02 00 08 99
2026-05-22T23:26:03.321658+00:00 HY reserved byte[16]=0x04 | 66 14 80 80 80 80 00 0a 00 00 00 00 00 00 00 00 04 00 0e 99
2026-05-22T23:26:05.822941+00:00 HY reserved byte[16]=0x08 | 66 14 80 80 80 80 00 0a 00 00 00 00 00 00 00 00 08 00 02 99
2026-05-22T23:26:08.324624+00:00 HY reserved byte[16]=0x10 | 66 14 80 80 80 80 00 0a 00 00 00 00 00 00 00 00 10 00 1a 99
2026-05-22T23:26:10.825834+00:00 HY reserved byte[16]=0x20 | 66 14 80 80 80 80 00 0a 00 00 00 00 00 00 00 00 20 00 2a 99
2026-05-22T23:26:13.326660+00:00 HY reserved byte[16]=0x40 | 66 14 80 80 80 80 00 0a 00 00 00 00 00 00 00 00 40 00 4a 99
2026-05-22T23:26:15.827779+00:00 HY reserved byte[16]=0x80 | 66 14 80 80 80 80 00 0a 00 00 00 00 00 00 00 00 80 00 8a 99
2026-05-22T23:26:18.328500+00:00 HY reserved byte[16]=0xff | 66 14 80 80 80 80 00 0a 00 00 00 00 00 00 00 00 ff 00 f5 99
2026-05-22T23:26:20.829492+00:00 HY reserved byte[17]=0x00 | 66 14 80 80 80 80 00 0a 00 00 00 00 00 00 00 00 00 00 0a 99
2026-05-22T23:26:23.330281+00:00 HY reserved byte[17]=0x01 | 66 14 80 80 80 80 00 0a 00 00 00 00 00 00 00 00 00 01 0b 99
2026-05-22T23:26:25.831328+00:00 HY reserved byte[17]=0x02 | 66 14 80 80 80 80 00 0a 00 00 00 00 00 00 00 00 00 02 08 99
2026-05-22T23:26:28.332716+00:00 HY reserved byte[17]=0x04 | 66 14 80 80 80 80 00 0a 00 00 00 00 00 00 00 00 00 04 0e 99
2026-05-22T23:26:30.833941+00:00 HY reserved byte[17]=0x08 | 66 14 80 80 80 80 00 0a 00 00 00 00 00 00 00 00 00 08 02 99
2026-05-22T23:26:33.334982+00:00 HY reserved byte[17]=0x10 | 66 14 80 80 80 80 00 0a 00 00 00 00 00 00 00 00 00 10 1a 99
2026-05-22T23:26:35.836138+00:00 HY reserved byte[17]=0x20 | 66 14 80 80 80 80 00 0a 00 00 00 00 00 00 00 00 00 20 2a 99
2026-05-22T23:26:38.337050+00:00 HY reserved byte[17]=0x40 | 66 14 80 80 80 80 00 0a 00 00 00 00 00 00 00 00 00 40 4a 99
2026-05-22T23:26:40.838182+00:00 HY reserved byte[17]=0x80 | 66 14 80 80 80 80 00 0a 00 00 00 00 00 00 00 00 00 80 8a 99
2026-05-22T23:26:43.339578+00:00 HY reserved byte[17]=0xff | 66 14 80 80 80 80 00 0a 00 00 00 00 00 00 00 00 00 ff f5 99
2026-05-22T23:26:45.841288+00:00 HY flags6=0x08 | 66 14 80 80 80 80 08 0a 00 00 00 00 00 00 00 00 00 00 02 99
2026-05-22T23:26:48.342238+00:00 HY flags6=0x10 | 66 14 80 80 80 80 10 0a 00 00 00 00 00 00 00 00 00 00 1a 99
2026-05-22T23:26:50.843165+00:00 HY flags6=0x20 | 66 14 80 80 80 80 20 0a 00 00 00 00 00 00 00 00 00 00 2a 99
2026-05-22T23:26:53.344097+00:00 HY flags6=0x40 | 66 14 80 80 80 80 40 0a 00 00 00 00 00 00 00 00 00 00 4a 99
2026-05-22T23:26:55.844927+00:00 HY flags6=0x80 | 66 14 80 80 80 80 80 0a 00 00 00 00 00 00 00 00 00 00 8a 99
2026-05-22T23:26:58.346081+00:00 HY flags7=0x0e | 66 14 80 80 80 80 00 0e 00 00 00 00 00 00 00 00 00 00 0e 99
2026-05-22T23:27:00.846949+00:00 HY flags7=0x1a | 66 14 80 80 80 80 00 1a 00 00 00 00 00 00 00 00 00 00 1a 99
2026-05-22T23:27:03.348182+00:00 HY flags7=0x2a | 66 14 80 80 80 80 00 2a 00 00 00 00 00 00 00 00 00 00 2a 99
2026-05-22T23:27:05.849536+00:00 HY flags7=0x4a | 66 14 80 80 80 80 00 4a 00 00 00 00 00 00 00 00 00 00 4a 99
2026-05-22T23:27:08.350437+00:00 HY flags7=0x8a | 66 14 80 80 80 80 00 8a 00 00 00 00 00 00 00 00 00 00 8a 99
2026-05-22T23:27:10.851333+00:00 HY pattern tilt-b8-40 | 66 14 80 80 80 80 00 0a 40 00 00 00 00 00 00 00 00 00 4a 99
2026-05-22T23:27:13.352147+00:00 HY pattern tilt-b8-80 | 66 14 80 80 80 80 00 0a 80 00 00 00 00 00 00 00 00 00 8a 99
2026-05-22T23:27:15.853437+00:00 HY pattern tilt-b8-c0 | 66 14 80 80 80 80 00 0a c0 00 00 00 00 00 00 00 00 00 ca 99
2026-05-22T23:27:18.354176+00:00 HY pattern tilt-b9-40 | 66 14 80 80 80 80 00 0a 00 40 00 00 00 00 00 00 00 00 4a 99
2026-05-22T23:27:20.855504+00:00 HY pattern tilt-b8b9-01-02 | 66 14 80 80 80 80 00 0a 01 02 00 00 00 00 00 00 00 00 09 99
2026-05-22T23:31:52.514606+00:00 === HY auto-sweep (from flags6) ===
2026-05-22T23:31:55.016611+00:00 HY flags6=0x08 | 66 14 80 80 80 80 08 0a 00 00 00 00 00 00 00 00 00 00 02 99
2026-05-22T23:31:57.517181+00:00 HY flags6=0x10 | 66 14 80 80 80 80 10 0a 00 00 00 00 00 00 00 00 00 00 1a 99
2026-05-22T23:32:00.018135+00:00 HY flags6=0x20 | 66 14 80 80 80 80 20 0a 00 00 00 00 00 00 00 00 00 00 2a 99
2026-05-22T23:32:02.519322+00:00 HY flags6=0x40 | 66 14 80 80 80 80 40 0a 00 00 00 00 00 00 00 00 00 00 4a 99
2026-05-22T23:32:05.020160+00:00 HY flags6=0x80 | 66 14 80 80 80 80 80 0a 00 00 00 00 00 00 00 00 00 00 8a 99
2026-05-22T23:32:07.521439+00:00 HY flags7=0x0e | 66 14 80 80 80 80 00 0e 00 00 00 00 00 00 00 00 00 00 0e 99
2026-05-22T23:32:10.022600+00:00 HY flags7=0x1a | 66 14 80 80 80 80 00 1a 00 00 00 00 00 00 00 00 00 00 1a 99
2026-05-22T23:32:12.523483+00:00 HY flags7=0x2a | 66 14 80 80 80 80 00 2a 00 00 00 00 00 00 00 00 00 00 2a 99
2026-05-22T23:32:15.025169+00:00 HY flags7=0x4a | 66 14 80 80 80 80 00 4a 00 00 00 00 00 00 00 00 00 00 4a 99
2026-05-22T23:32:17.526336+00:00 HY flags7=0x8a | 66 14 80 80 80 80 00 8a 00 00 00 00 00 00 00 00 00 00 8a 99
2026-05-22T23:32:20.027571+00:00 HY pattern tilt-b8-40 | 66 14 80 80 80 80 00 0a 40 00 00 00 00 00 00 00 00 00 4a 99
2026-05-22T23:32:22.528512+00:00 HY pattern tilt-b8-80 | 66 14 80 80 80 80 00 0a 80 00 00 00 00 00 00 00 00 00 8a 99
2026-05-22T23:32:25.029475+00:00 HY pattern tilt-b8-c0 | 66 14 80 80 80 80 00 0a c0 00 00 00 00 00 00 00 00 00 ca 99
2026-05-22T23:32:27.530750+00:00 HY pattern tilt-b9-40 | 66 14 80 80 80 80 00 0a 00 40 00 00 00 00 00 00 00 00 4a 99
2026-05-22T23:32:30.031805+00:00 HY pattern tilt-b8b9-01-02 | 66 14 80 80 80 80 00 0a 01 02 00 00 00 00 00 00 00 00 09 99
2026-05-22T23:32:32.533840+00:00 === HY auto-sweep done ===
