2026-05-22T23:14:27.849325+00:00 === ST3 auto-sweep start ===
2026-05-22T23:14:27.849325+00:00 ST3 param=0 value=0 (sd_info) | ff 53 54 33 00 00
2026-05-22T23:14:30.878420+00:00 ST3 param=0 value=1 (sd_info) | ff 53 54 33 00 01
2026-05-22T23:14:33.909798+00:00 ST3 param=0 value=2 (sd_info) | ff 53 54 33 00 02
2026-05-22T23:14:36.938897+00:00 ST3 param=0 value=255 (sd_info) | ff 53 54 33 00 ff
2026-05-22T23:14:39.965301+00:00 ST3 param=1 value=0 | ff 53 54 33 01 00
2026-05-22T23:14:42.998267+00:00 ST3 param=1 value=1 | ff 53 54 33 01 01
2026-05-22T23:14:46.028692+00:00 ST3 param=1 value=2 | ff 53 54 33 01 02
2026-05-22T23:14:49.058939+00:00 ST3 param=1 value=255 | ff 53 54 33 01 ff
2026-05-22T23:14:52.090270+00:00 ST3 param=2 value=0 | ff 53 54 33 02 00
2026-05-22T23:14:55.122138+00:00 ST3 param=2 value=1 | ff 53 54 33 02 01
2026-05-22T23:14:58.149883+00:00 ST3 param=2 value=2 | ff 53 54 33 02 02
2026-05-22T23:15:01.178878+00:00 ST3 param=2 value=255 | ff 53 54 33 02 ff
2026-05-22T23:15:04.209621+00:00 ST3 param=3 value=0 | ff 53 54 33 03 00
2026-05-22T23:15:07.207799+00:00 ST3 param=3 value=1 | ff 53 54 33 03 01
2026-05-22T23:15:10.255598+00:00 ST3 param=3 value=2 | ff 53 54 33 03 02
2026-05-22T23:15:13.287667+00:00 ST3 param=3 value=255 | ff 53 54 33 03 ff
2026-05-22T23:15:16.317675+00:00 ST3 param=4 value=0 | ff 53 54 33 04 00
2026-05-22T23:15:19.349846+00:00 ST3 param=4 value=1 | ff 53 54 33 04 01
2026-05-22T23:15:22.381544+00:00 ST3 param=4 value=2 | ff 53 54 33 04 02
2026-05-22T23:15:25.414111+00:00 ST3 param=4 value=255 | ff 53 54 33 04 ff
2026-05-22T23:15:28.443347+00:00 ST3 param=5 value=0 | ff 53 54 33 05 00
2026-05-22T23:15:31.477404+00:00 ST3 param=5 value=1 | ff 53 54 33 05 01
2026-05-22T23:15:34.506978+00:00 ST3 param=5 value=2 | ff 53 54 33 05 02
2026-05-22T23:15:37.533922+00:00 ST3 param=5 value=255 | ff 53 54 33 05 ff
2026-05-22T23:15:40.564251+00:00 ST3 param=6 value=0 | ff 53 54 33 06 00
2026-05-22T23:15:43.593957+00:00 ST3 param=6 value=1 | ff 53 54 33 06 01
2026-05-22T23:15:46.622396+00:00 ST3 param=6 value=2 | ff 53 54 33 06 02
2026-05-22T23:15:49.651323+00:00 ST3 param=6 value=255 | ff 53 54 33 06 ff
2026-05-22T23:15:52.681793+00:00 ST3 param=7 value=0 | ff 53 54 33 07 00
2026-05-22T23:15:55.711609+00:00 ST3 param=7 value=1 | ff 53 54 33 07 01
2026-05-22T23:15:58.739479+00:00 ST3 param=7 value=2 | ff 53 54 33 07 02
2026-05-22T23:16:01.770750+00:00 ST3 param=7 value=255 | ff 53 54 33 07 ff
2026-05-22T23:16:04.800375+00:00 ST3 param=8 value=0 | ff 53 54 33 08 00
2026-05-22T23:16:07.803200+00:00 ST3 param=8 value=1 | ff 53 54 33 08 01
2026-05-22T23:16:10.832490+00:00 ST3 param=8 value=2 | ff 53 54 33 08 02
2026-05-22T23:16:13.862290+00:00 ST3 param=8 value=255 | ff 53 54 33 08 ff
2026-05-22T23:16:16.891399+00:00 ST3 param=9 value=0 | ff 53 54 33 09 00
2026-05-22T23:16:19.922534+00:00 ST3 param=9 value=1 | ff 53 54 33 09 01
2026-05-22T23:16:22.951776+00:00 ST3 param=9 value=2 | ff 53 54 33 09 02
2026-05-22T23:16:25.982147+00:00 ST3 param=9 value=255 | ff 53 54 33 09 ff
2026-05-22T23:16:29.010921+00:00 ST3 param=10 value=0 | ff 53 54 33 0a 00
2026-05-22T23:16:34.302299+00:00 === ST3 auto-sweep start ===
2026-05-22T23:16:34.302299+00:00 ST3 param=0 value=0 (sd_info) | ff 53 54 33 00 00
2026-05-22T23:16:37.308608+00:00 ST3 param=0 value=1 (sd_info) | ff 53 54 33 00 01
2026-05-22T23:16:40.341066+00:00 ST3 param=0 value=2 (sd_info) | ff 53 54 33 00 02
2026-05-22T23:16:43.367810+00:00 ST3 param=0 value=255 (sd_info) | ff 53 54 33 00 ff
2026-05-22T23:16:46.397903+00:00 ST3 param=1 value=0 | ff 53 54 33 01 00
2026-05-22T23:17:07.972517+00:00 === ST3 auto-sweep start ===
2026-05-22T23:17:07.973555+00:00 ST3 param=0 value=0 (sd_info) | ff 53 54 33 00 00
2026-05-22T23:17:11.004155+00:00 ST3 param=0 value=1 (sd_info) | ff 53 54 33 00 01
2026-05-22T23:17:16.211372+00:00 === ST3 auto-sweep start ===
2026-05-22T23:17:16.211372+00:00 ST3 param=0 value=0 (sd_info) | ff 53 54 33 00 00
2026-05-22T23:17:19.240850+00:00 ST3 param=0 value=1 (sd_info) | ff 53 54 33 00 01
2026-05-22T23:17:22.269780+00:00 ST3 param=0 value=2 (sd_info) | ff 53 54 33 00 02
2026-05-22T23:17:25.302313+00:00 ST3 param=0 value=255 (sd_info) | ff 53 54 33 00 ff
2026-05-22T23:17:28.331736+00:00 ST3 param=1 value=0 | ff 53 54 33 01 00
2026-05-22T23:17:31.362837+00:00 ST3 param=1 value=1 | ff 53 54 33 01 01
2026-05-22T23:17:34.393336+00:00 ST3 param=1 value=2 | ff 53 54 33 01 02
2026-05-22T23:17:37.424591+00:00 ST3 param=1 value=255 | ff 53 54 33 01 ff
2026-05-22T23:17:40.451913+00:00 ST3 param=2 value=0 | ff 53 54 33 02 00
2026-05-22T23:17:43.481678+00:00 ST3 param=2 value=1 | ff 53 54 33 02 01
2026-05-22T23:17:46.510478+00:00 ST3 param=2 value=2 | ff 53 54 33 02 02
2026-05-22T23:17:49.541897+00:00 ST3 param=2 value=255 | ff 53 54 33 02 ff
2026-05-22T23:17:52.574112+00:00 ST3 param=3 value=0 | ff 53 54 33 03 00
2026-05-22T23:17:55.604891+00:00 ST3 param=3 value=1 | ff 53 54 33 03 01
2026-05-22T23:17:58.632843+00:00 ST3 param=3 value=2 | ff 53 54 33 03 02
2026-05-22T23:18:01.662011+00:00 ST3 param=3 value=255 | ff 53 54 33 03 ff
2026-05-22T23:18:04.706123+00:00 ST3 param=4 value=0 | ff 53 54 33 04 00
2026-05-22T23:18:07.736759+00:00 ST3 param=4 value=1 | ff 53 54 33 04 01
2026-05-22T23:18:10.728892+00:00 ST3 param=4 value=2 | ff 53 54 33 04 02
2026-05-22T23:18:13.759274+00:00 ST3 param=4 value=255 | ff 53 54 33 04 ff
2026-05-22T23:18:16.787031+00:00 ST3 param=5 value=0 | ff 53 54 33 05 00
2026-05-22T23:18:19.819052+00:00 ST3 param=5 value=1 | ff 53 54 33 05 01
2026-05-22T23:18:22.847060+00:00 ST3 param=5 value=2 | ff 53 54 33 05 02
2026-05-22T23:18:25.876986+00:00 ST3 param=5 value=255 | ff 53 54 33 05 ff
2026-05-22T23:18:28.907213+00:00 ST3 param=6 value=0 | ff 53 54 33 06 00
2026-05-22T23:18:31.936766+00:00 ST3 param=6 value=1 | ff 53 54 33 06 01
2026-05-22T23:18:34.968309+00:00 ST3 param=6 value=2 | ff 53 54 33 06 02
2026-05-22T23:18:38.005972+00:00 ST3 param=6 value=255 | ff 53 54 33 06 ff
2026-05-22T23:18:41.009801+00:00 ST3 param=7 value=0 | ff 53 54 33 07 00
2026-05-22T23:18:44.041739+00:00 ST3 param=7 value=1 | ff 53 54 33 07 01
2026-05-22T23:18:47.074683+00:00 ST3 param=7 value=2 | ff 53 54 33 07 02
2026-05-22T23:18:50.106666+00:00 ST3 param=7 value=255 | ff 53 54 33 07 ff
2026-05-22T23:18:53.099462+00:00 ST3 param=8 value=0 | ff 53 54 33 08 00
2026-05-22T23:18:56.127949+00:00 ST3 param=8 value=1 | ff 53 54 33 08 01
2026-05-22T23:18:59.159152+00:00 ST3 param=8 value=2 | ff 53 54 33 08 02
2026-05-22T23:19:02.185649+00:00 ST3 param=8 value=255 | ff 53 54 33 08 ff
2026-05-22T23:19:05.219320+00:00 ST3 param=9 value=0 | ff 53 54 33 09 00
2026-05-22T23:19:08.248944+00:00 ST3 param=9 value=1 | ff 53 54 33 09 01
2026-05-22T23:19:11.281077+00:00 ST3 param=9 value=2 | ff 53 54 33 09 02
2026-05-22T23:19:14.310832+00:00 ST3 param=9 value=255 | ff 53 54 33 09 ff
2026-05-22T23:19:17.340932+00:00 ST3 param=10 value=0 | ff 53 54 33 0a 00
2026-05-22T23:19:20.373979+00:00 ST3 param=10 value=1 | ff 53 54 33 0a 01
2026-05-22T23:19:23.406520+00:00 ST3 param=10 value=2 | ff 53 54 33 0a 02
2026-05-22T23:19:26.436583+00:00 ST3 param=10 value=255 | ff 53 54 33 0a ff
2026-05-22T23:19:29.467735+00:00 ST3 param=11 value=0 | ff 53 54 33 0b 00
2026-05-22T23:19:32.496328+00:00 ST3 param=11 value=1 | ff 53 54 33 0b 01
2026-05-22T23:19:35.524189+00:00 ST3 param=11 value=2 | ff 53 54 33 0b 02
2026-05-22T23:19:38.571350+00:00 ST3 param=11 value=255 | ff 53 54 33 0b ff
2026-05-22T23:19:41.603509+00:00 ST3 param=12 value=0 | ff 53 54 33 0c 00
2026-05-22T23:19:44.635977+00:00 ST3 param=12 value=1 | ff 53 54 33 0c 01
2026-05-22T23:19:47.669757+00:00 ST3 param=12 value=2 | ff 53 54 33 0c 02
2026-05-22T23:19:50.696106+00:00 ST3 param=12 value=255 | ff 53 54 33 0c ff
2026-05-22T23:19:53.726305+00:00 ST3 param=13 value=0 | ff 53 54 33 0d 00
2026-05-22T23:19:56.753929+00:00 ST3 param=13 value=1 | ff 53 54 33 0d 01
2026-05-22T23:19:59.785161+00:00 ST3 param=13 value=2 | ff 53 54 33 0d 02
2026-05-22T23:20:02.817239+00:00 ST3 param=13 value=255 | ff 53 54 33 0d ff
2026-05-22T23:20:05.816501+00:00 ST3 param=14 value=0 | ff 53 54 33 0e 00
2026-05-22T23:20:08.846441+00:00 ST3 param=14 value=1 | ff 53 54 33 0e 01
2026-05-22T23:20:11.878858+00:00 ST3 param=14 value=2 | ff 53 54 33 0e 02
2026-05-22T23:20:14.910725+00:00 ST3 param=14 value=255 | ff 53 54 33 0e ff
2026-05-22T23:20:17.941618+00:00 ST3 param=15 value=0 | ff 53 54 33 0f 00
2026-05-22T23:20:20.973222+00:00 ST3 param=15 value=1 | ff 53 54 33 0f 01
2026-05-22T23:20:24.003015+00:00 ST3 param=15 value=2 | ff 53 54 33 0f 02
2026-05-22T23:20:27.035834+00:00 ST3 param=15 value=255 | ff 53 54 33 0f ff
2026-05-22T23:20:30.068906+00:00 ST3 param=16 value=0 (camera_index_query) | ff 53 54 33 10 00
2026-05-22T23:20:33.098984+00:00 ST3 param=16 value=1 (camera_index_query) | ff 53 54 33 10 01
2026-05-22T23:20:36.127977+00:00 ST3 param=16 value=2 (camera_index_query) | ff 53 54 33 10 02
2026-05-22T23:20:39.159712+00:00 ST3 param=16 value=255 (camera_index_query) | ff 53 54 33 10 ff
2026-05-22T23:20:42.190883+00:00 ST3 param=17 value=0 | ff 53 54 33 11 00
2026-05-22T23:20:45.220077+00:00 ST3 param=17 value=1 | ff 53 54 33 11 01
2026-05-22T23:20:48.250564+00:00 ST3 param=17 value=2 | ff 53 54 33 11 02
2026-05-22T23:20:51.281646+00:00 ST3 param=17 value=255 | ff 53 54 33 11 ff
2026-05-22T23:20:54.311580+00:00 ST3 param=18 value=0 | ff 53 54 33 12 00
2026-05-22T23:20:57.341364+00:00 ST3 param=18 value=1 | ff 53 54 33 12 01
2026-05-22T23:21:00.373052+00:00 ST3 param=18 value=2 | ff 53 54 33 12 02
2026-05-22T23:21:03.402925+00:00 ST3 param=18 value=255 | ff 53 54 33 12 ff
2026-05-22T23:21:06.434304+00:00 ST3 param=19 value=0 | ff 53 54 33 13 00
2026-05-22T23:21:09.471952+00:00 ST3 param=19 value=1 | ff 53 54 33 13 01
2026-05-22T23:21:12.504568+00:00 ST3 param=19 value=2 | ff 53 54 33 13 02
2026-05-22T23:21:15.539672+00:00 ST3 param=19 value=255 | ff 53 54 33 13 ff
2026-05-22T23:21:18.572368+00:00 ST3 param=20 value=0 | ff 53 54 33 14 00
2026-05-22T23:21:21.602779+00:00 ST3 param=20 value=1 | ff 53 54 33 14 01
2026-05-22T23:21:24.631164+00:00 ST3 param=20 value=2 | ff 53 54 33 14 02
2026-05-22T23:21:27.663146+00:00 ST3 param=20 value=255 | ff 53 54 33 14 ff
2026-05-22T23:21:30.693432+00:00 ST3 param=21 value=0 | ff 53 54 33 15 00
2026-05-22T23:21:33.725413+00:00 ST3 param=21 value=1 | ff 53 54 33 15 01
2026-05-22T23:21:36.755324+00:00 ST3 param=21 value=2 | ff 53 54 33 15 02
2026-05-22T23:21:39.756825+00:00 ST3 param=21 value=255 | ff 53 54 33 15 ff
2026-05-22T23:21:42.787411+00:00 ST3 param=22 value=0 (camera_index_query_alt) | ff 53 54 33 16 00
2026-05-22T23:21:45.816640+00:00 ST3 param=22 value=1 (camera_index_query_alt) | ff 53 54 33 16 01
2026-05-22T23:21:48.847252+00:00 ST3 param=22 value=2 (camera_index_query_alt) | ff 53 54 33 16 02
2026-05-22T23:21:51.879071+00:00 ST3 param=22 value=255 (camera_index_query_alt) | ff 53 54 33 16 ff
2026-05-22T23:21:54.906353+00:00 ST3 param=23 value=0 | ff 53 54 33 17 00
2026-05-22T23:21:57.936054+00:00 ST3 param=23 value=1 | ff 53 54 33 17 01
2026-05-22T23:22:00.964485+00:00 ST3 param=23 value=2 | ff 53 54 33 17 02
